0 info it worked if it ends with ok
1 verbose cli [ '/usr/local/bin/node',
1 verbose cli   '/Users/AlexMorales/.node/bin/npm',
1 verbose cli   'start' ]
2 info using npm@2.11.3
3 info using node@v6.2.2
4 verbose stack Error: Failed to parse json
4 verbose stack Unexpected token '/' at 14:5
4 verbose stack     //"test": "tsc && concurrently \"tsc -w\" \"karma start karma.conf.js\"",
4 verbose stack     ^
4 verbose stack     at parseError (/Users/AlexMorales/.node/lib/node_modules/npm/node_modules/read-package-json/read-json.js:379:11)
4 verbose stack     at parseJson (/Users/AlexMorales/.node/lib/node_modules/npm/node_modules/read-package-json/read-json.js:68:23)
4 verbose stack     at /Users/AlexMorales/.node/lib/node_modules/npm/node_modules/read-package-json/read-json.js:48:5
4 verbose stack     at tryToString (evalmachine.<anonymous>:449:3)
4 verbose stack     at FSReqWrap.readFileAfterClose [as oncomplete] (evalmachine.<anonymous>:436:12)
5 verbose cwd /Users/AlexMorales/Sites/angular2-pdf-search
6 error Darwin 15.5.0
7 error argv "/usr/local/bin/node" "/Users/AlexMorales/.node/bin/npm" "start"
8 error node v6.2.2
9 error npm  v2.11.3
10 error file /Users/AlexMorales/Sites/angular2-pdf-search/package.json
11 error code EJSONPARSE
12 error Failed to parse json
12 error Unexpected token '/' at 14:5
12 error     //"test": "tsc && concurrently \"tsc -w\" \"karma start karma.conf.js\"",
12 error     ^
13 error File: /Users/AlexMorales/Sites/angular2-pdf-search/package.json
14 error Failed to parse package.json data.
14 error package.json must be actual JSON, not just JavaScript.
14 error
14 error This is not a bug in npm.
14 error Tell the package author to fix their package.json file. JSON.parse
15 verbose exit [ 1, true ]
